[2024-12-20 17:02:20,990: INFO:main: Welcome to our custom log]
[2025-01-12 17:52:15,942: INFO:common: yaml file: config\config.yaml loaded successfully]
[2025-01-12 17:52:15,950: INFO:common: yaml file: params.yaml loaded successfully]
[2025-01-12 17:52:15,954: INFO:common: created directory at: artifacts]
[2025-01-12 17:52:15,957: INFO:common: created directory at: artifacts/data_ingestion]
[2025-01-12 17:52:15,960: INFO:391976878: Downloading data from https://drive.google.com/file/d/1Nz5R-yFNlPMcBwtXXOS-tfKnqiajsMlh/view?usp=sharing into file artifacts/data_ingestion/data.zip]
[2025-01-12 17:52:50,930: INFO:391976878: Downloaded data from https://drive.google.com/file/d/1Nz5R-yFNlPMcBwtXXOS-tfKnqiajsMlh/view?usp=sharing into file artifacts/data_ingestion/data.zip]
[2025-01-12 18:15:59,776: INFO:main: >>>>> stage Data Ingestion stage started <<<<<]
[2025-01-12 18:15:59,778: INFO:common: yaml file: config\config.yaml loaded successfully]
[2025-01-12 18:15:59,778: INFO:common: yaml file: params.yaml loaded successfully]
[2025-01-12 18:15:59,779: INFO:common: created directory at: artifacts]
[2025-01-12 18:15:59,780: INFO:common: created directory at: artifacts/data_ingestion]
[2025-01-12 18:15:59,780: INFO:data_ingestion: Downloading data from https://drive.google.com/file/d/1Nz5R-yFNlPMcBwtXXOS-tfKnqiajsMlh/view?usp=sharing into file artifacts/data_ingestion/data.zip]
[2025-01-12 18:16:49,555: INFO:data_ingestion: Downloaded data from https://drive.google.com/file/d/1Nz5R-yFNlPMcBwtXXOS-tfKnqiajsMlh/view?usp=sharing into file artifacts/data_ingestion/data.zip]
[2025-01-12 18:16:50,464: INFO:main: >>>>> stage Data Ingestion stage completed <<<<<

x=======x]
[2025-01-12 20:51:34,218: INFO:main: >>>>> stage Data Ingestion stage started <<<<<]
[2025-01-12 20:51:34,221: INFO:common: yaml file: config\config.yaml loaded successfully]
[2025-01-12 20:51:34,223: INFO:common: yaml file: params.yaml loaded successfully]
[2025-01-12 20:51:34,224: INFO:common: created directory at: artifacts]
[2025-01-12 20:51:34,224: INFO:common: created directory at: artifacts/data_ingestion]
[2025-01-12 20:51:34,225: INFO:data_ingestion: Downloading data from https://drive.google.com/file/d/1Nz5R-yFNlPMcBwtXXOS-tfKnqiajsMlh/view?usp=sharing into file artifacts/data_ingestion/data.zip]
[2025-01-12 20:52:00,036: INFO:data_ingestion: Downloaded data from https://drive.google.com/file/d/1Nz5R-yFNlPMcBwtXXOS-tfKnqiajsMlh/view?usp=sharing into file artifacts/data_ingestion/data.zip]
[2025-01-12 20:52:00,847: INFO:main: >>>>> stage Data Ingestion stage completed <<<<<

x=======x]
[2025-01-13 10:52:24,221: INFO:common: yaml file: config\config.yaml loaded successfully]
[2025-01-13 10:52:24,233: INFO:common: yaml file: params.yaml loaded successfully]
[2025-01-13 10:52:24,242: INFO:common: created directory at: artifacts]
[2025-01-13 10:52:24,247: INFO:common: created directory at: artifacts/prepare_base_model]
[2025-01-13 10:52:41,269: WARNING:saving_utils: Compiled the loaded model, but the compiled metrics have yet to be built. `model.compile_metrics` will be empty until you train or evaluate the model.]
[2025-01-13 11:04:47,702: INFO:main: >>>>> stage Data Ingestion stage started <<<<<]
[2025-01-13 11:04:47,709: INFO:common: yaml file: config\config.yaml loaded successfully]
[2025-01-13 11:04:47,713: INFO:common: yaml file: params.yaml loaded successfully]
[2025-01-13 11:04:47,714: INFO:common: created directory at: artifacts]
[2025-01-13 11:04:47,715: INFO:common: created directory at: artifacts/data_ingestion]
[2025-01-13 11:04:47,718: INFO:data_ingestion: Downloading data from https://drive.google.com/file/d/1Nz5R-yFNlPMcBwtXXOS-tfKnqiajsMlh/view?usp=sharing into file artifacts/data_ingestion/data.zip]
[2025-01-13 11:05:27,384: INFO:data_ingestion: Downloaded data from https://drive.google.com/file/d/1Nz5R-yFNlPMcBwtXXOS-tfKnqiajsMlh/view?usp=sharing into file artifacts/data_ingestion/data.zip]
[2025-01-13 11:05:28,233: INFO:main: >>>>> stage Data Ingestion stage completed <<<<<

x=======x]
[2025-01-13 11:05:28,233: INFO:main: *******************]
[2025-01-13 11:05:28,234: INFO:main: >>>>>> stage Prepare base model started <<<<<<]
[2025-01-13 11:05:28,236: INFO:common: yaml file: config\config.yaml loaded successfully]
[2025-01-13 11:05:28,238: INFO:common: yaml file: params.yaml loaded successfully]
[2025-01-13 11:05:28,239: INFO:common: created directory at: artifacts]
[2025-01-13 11:05:28,241: INFO:common: created directory at: artifacts/prepare_base_model]
[2025-01-13 11:05:28,978: WARNING:saving_utils: Compiled the loaded model, but the compiled metrics have yet to be built. `model.compile_metrics` will be empty until you train or evaluate the model.]
[2025-01-13 11:05:29,347: INFO:main: >>>>>> stage Prepare base model completed <<<<<<

x==========x]
